<?xml version="1.0" encoding="UTF-8"?>
<coverage generated="1706088806058" clover="3.2.0">
  <project timestamp="1706088806058" name="All files">
    <metrics statements="34" coveredstatements="33" conditionals="8" coveredconditionals="7" methods="14" coveredmethods="13" elements="56" coveredelements="53" complexity="0" loc="34" ncloc="34" packages="2" files="3" classes="3"/>
    <package name="components">
      <metrics statements="23" coveredstatements="22" conditionals="8" coveredconditionals="7" methods="11" coveredmethods="10"/>
      <file name="Body.js" path="D:\web_practice\src\components\Body.js">
        <metrics statements="17" coveredstatements="16" conditionals="6" coveredconditionals="5" methods="8" coveredmethods="7"/>
        <line num="10" count="1" type="stmt"/>
        <line num="12" count="7" type="stmt"/>
        <line num="16" count="7" type="stmt"/>
        <line num="18" count="7" type="stmt"/>
        <line num="20" count="7" type="stmt"/>
        <line num="23" count="7" type="stmt"/>
        <line num="25" count="7" type="cond" truecount="1" falsecount="1"/>
        <line num="27" count="7" type="cond" truecount="2" falsecount="0"/>
        <line num="35" count="1" type="stmt"/>
        <line num="39" count="1" type="stmt"/>
        <line num="40" count="9" type="stmt"/>
        <line num="42" count="1" type="stmt"/>
        <line num="50" count="1" type="stmt"/>
        <line num="51" count="9" type="stmt"/>
        <line num="53" count="1" type="stmt"/>
        <line num="63" count="0" type="stmt"/>
        <line num="71" count="35" type="stmt"/>
      </file>
      <file name="RestaurantCard.js" path="D:\web_practice\src\components\RestaurantCard.js">
        <metrics statements="6" coveredstatements="6" conditionals="2" coveredconditionals="2" methods="3" coveredmethods="3"/>
        <line num="2" count="2" type="stmt"/>
        <line num="5" count="36" type="stmt"/>
        <line num="7" count="36" type="stmt"/>
        <line num="30" count="2" type="stmt"/>
        <line num="32" count="7" type="stmt"/>
        <line num="34" count="16" type="stmt"/>
      </file>
    </package>
    <package name="utils">
      <metrics statements="11" coveredstatements="11" conditionals="0" coveredconditionals="0" methods="3" coveredmethods="3"/>
      <file name="useResList.js" path="D:\web_practice\src\utils\useResList.js">
        <metrics statements="11" coveredstatements="11" conditionals="0" coveredconditionals="0" methods="3" coveredmethods="3"/>
        <line num="4" count="1" type="stmt"/>
        <line num="5" count="7" type="stmt"/>
        <line num="6" count="7" type="stmt"/>
        <line num="9" count="7" type="stmt"/>
        <line num="11" count="2" type="stmt"/>
        <line num="14" count="7" type="stmt"/>
        <line num="15" count="2" type="stmt"/>
        <line num="17" count="2" type="stmt"/>
        <line num="21" count="2" type="stmt"/>
        <line num="26" count="2" type="stmt"/>
        <line num="33" count="7" type="stmt"/>
      </file>
    </package>
  </project>
</coverage>
