{"D:\\web_practice\\src\\components\\Body.js": {"path":"D:\\web_practice\\src\\components\\Body.js","statementMap":{"0":{"start":{"line":10,"column":13},"end":{"line":84,"column":1}},"1":{"start":{"line":12,"column":54},"end":{"line":12,"column":66}},"2":{"start":{"line":16,"column":38},"end":{"line":16,"column":50}},"3":{"start":{"line":18,"column":23},"end":{"line":18,"column":40}},"4":{"start":{"line":20,"column":33},"end":{"line":20,"column":66}},"5":{"start":{"line":23,"column":37},"end":{"line":23,"column":60}},"6":{"start":{"line":25,"column":2},"end":{"line":25,"column":114}},"7":{"start":{"line":25,"column":27},"end":{"line":25,"column":114}},"8":{"start":{"line":27,"column":2},"end":{"line":83,"column":4}},"9":{"start":{"line":35,"column":25},"end":{"line":35,"column":54}},"10":{"start":{"line":39,"column":31},"end":{"line":41,"column":11}},"11":{"start":{"line":40,"column":12},"end":{"line":40,"column":74}},"12":{"start":{"line":42,"column":10},"end":{"line":42,"column":42}},"13":{"start":{"line":50,"column":31},"end":{"line":52,"column":11}},"14":{"start":{"line":51,"column":28},"end":{"line":51,"column":57}},"15":{"start":{"line":53,"column":10},"end":{"line":53,"column":42}},"16":{"start":{"line":63,"column":25},"end":{"line":63,"column":52}},"17":{"start":{"line":71,"column":10},"end":{"line":79,"column":12}}},"fnMap":{"0":{"name":"(anonymous_0)","decl":{"start":{"line":10,"column":13},"end":{"line":10,"column":14}},"loc":{"start":{"line":10,"column":19},"end":{"line":84,"column":1}},"line":10},"1":{"name":"(anonymous_1)","decl":{"start":{"line":35,"column":18},"end":{"line":35,"column":19}},"loc":{"start":{"line":35,"column":25},"end":{"line":35,"column":54}},"line":35},"2":{"name":"(anonymous_2)","decl":{"start":{"line":38,"column":17},"end":{"line":38,"column":18}},"loc":{"start":{"line":38,"column":23},"end":{"line":43,"column":9}},"line":38},"3":{"name":"(anonymous_3)","decl":{"start":{"line":39,"column":46},"end":{"line":39,"column":47}},"loc":{"start":{"line":40,"column":12},"end":{"line":40,"column":74}},"line":40},"4":{"name":"(anonymous_4)","decl":{"start":{"line":49,"column":17},"end":{"line":49,"column":18}},"loc":{"start":{"line":49,"column":23},"end":{"line":54,"column":9}},"line":49},"5":{"name":"(anonymous_5)","decl":{"start":{"line":51,"column":12},"end":{"line":51,"column":13}},"loc":{"start":{"line":51,"column":28},"end":{"line":51,"column":57}},"line":51},"6":{"name":"(anonymous_6)","decl":{"start":{"line":63,"column":18},"end":{"line":63,"column":19}},"loc":{"start":{"line":63,"column":25},"end":{"line":63,"column":52}},"line":63},"7":{"name":"(anonymous_7)","decl":{"start":{"line":70,"column":28},"end":{"line":70,"column":29}},"loc":{"start":{"line":70,"column":44},"end":{"line":80,"column":9}},"line":70}},"branchMap":{"0":{"loc":{"start":{"line":25,"column":2},"end":{"line":25,"column":114}},"type":"if","locations":[{"start":{"line":25,"column":2},"end":{"line":25,"column":114}},{"start":{},"end":{}}],"line":25},"1":{"loc":{"start":{"line":27,"column":9},"end":{"line":83,"column":3}},"type":"cond-expr","locations":[{"start":{"line":27,"column":43},"end":{"line":27,"column":54}},{"start":{"line":29,"column":4},"end":{"line":82,"column":10}}],"line":27},"2":{"loc":{"start":{"line":76,"column":15},"end":{"line":76,"column":121}},"type":"cond-expr","locations":[{"start":{"line":76,"column":35},"end":{"line":76,"column":81}},{"start":{"line":76,"column":82},"end":{"line":76,"column":121}}],"line":76}},"s":{"0":1,"1":7,"2":7,"3":7,"4":7,"5":7,"6":7,"7":0,"8":7,"9":1,"10":1,"11":9,"12":1,"13":1,"14":9,"15":1,"16":0,"17":35},"f":{"0":7,"1":1,"2":1,"3":9,"4":1,"5":9,"6":0,"7":35},"b":{"0":[0,7],"1":[2,5],"2":[16,19]},"_coverageSchema":"1a1c01bbd47fc00a2c39e90264f33305004495a9","hash":"37c156e609d9c740c984dc2a75dd11db0e589e00"}
,"D:\\web_practice\\src\\components\\RestaurantCard.js": {"path":"D:\\web_practice\\src\\components\\RestaurantCard.js","statementMap":{"0":{"start":{"line":2,"column":23},"end":{"line":23,"column":1}},"1":{"start":{"line":5,"column":4},"end":{"line":5,"column":23}},"2":{"start":{"line":7,"column":2},"end":{"line":22,"column":4}},"3":{"start":{"line":30,"column":34},"end":{"line":41,"column":3}},"4":{"start":{"line":32,"column":4},"end":{"line":40,"column":5}},"5":{"start":{"line":34,"column":6},"end":{"line":39,"column":7}}},"fnMap":{"0":{"name":"(anonymous_0)","decl":{"start":{"line":2,"column":23},"end":{"line":2,"column":24}},"loc":{"start":{"line":2,"column":34},"end":{"line":23,"column":1}},"line":2},"1":{"name":"(anonymous_1)","decl":{"start":{"line":30,"column":34},"end":{"line":30,"column":35}},"loc":{"start":{"line":30,"column":52},"end":{"line":41,"column":3}},"line":30},"2":{"name":"(anonymous_2)","decl":{"start":{"line":32,"column":11},"end":{"line":32,"column":12}},"loc":{"start":{"line":32,"column":20},"end":{"line":40,"column":5}},"line":32}},"branchMap":{"0":{"loc":{"start":{"line":16,"column":12},"end":{"line":16,"column":80}},"type":"cond-expr","locations":[{"start":{"line":16,"column":30},"end":{"line":16,"column":60}},{"start":{"line":16,"column":61},"end":{"line":16,"column":80}}],"line":16}},"s":{"0":2,"1":36,"2":36,"3":2,"4":7,"5":16},"f":{"0":36,"1":7,"2":16},"b":{"0":[25,11]},"_coverageSchema":"1a1c01bbd47fc00a2c39e90264f33305004495a9","hash":"efd2bb7ad3c4b15a6f5f9820efea5ea0a4a53742"}
,"D:\\web_practice\\src\\utils\\useResList.js": {"path":"D:\\web_practice\\src\\utils\\useResList.js","statementMap":{"0":{"start":{"line":4,"column":19},"end":{"line":34,"column":1}},"1":{"start":{"line":5,"column":32},"end":{"line":5,"column":44}},"2":{"start":{"line":6,"column":46},"end":{"line":6,"column":58}},"3":{"start":{"line":9,"column":2},"end":{"line":12,"column":11}},"4":{"start":{"line":11,"column":4},"end":{"line":11,"column":15}},"5":{"start":{"line":14,"column":22},"end":{"line":31,"column":3}},"6":{"start":{"line":15,"column":17},"end":{"line":15,"column":168}},"7":{"start":{"line":17,"column":21},"end":{"line":17,"column":38}},"8":{"start":{"line":21,"column":4},"end":{"line":24,"column":6}},"9":{"start":{"line":26,"column":4},"end":{"line":29,"column":8}},"10":{"start":{"line":33,"column":2},"end":{"line":33,"column":52}}},"fnMap":{"0":{"name":"(anonymous_0)","decl":{"start":{"line":4,"column":19},"end":{"line":4,"column":20}},"loc":{"start":{"line":4,"column":25},"end":{"line":34,"column":1}},"line":4},"1":{"name":"(anonymous_1)","decl":{"start":{"line":9,"column":12},"end":{"line":9,"column":13}},"loc":{"start":{"line":10,"column":4},"end":{"line":12,"column":5}},"line":10},"2":{"name":"(anonymous_2)","decl":{"start":{"line":14,"column":22},"end":{"line":14,"column":23}},"loc":{"start":{"line":14,"column":34},"end":{"line":31,"column":3}},"line":14}},"branchMap":{},"s":{"0":1,"1":7,"2":7,"3":7,"4":2,"5":7,"6":2,"7":2,"8":2,"9":2,"10":7},"f":{"0":7,"1":2,"2":2},"b":{},"_coverageSchema":"1a1c01bbd47fc00a2c39e90264f33305004495a9","hash":"afd37c02a275483b47b463bebebdaa6755e8d4cd"}
}
