{"D:\\web_practice\\src\\components\\Contact.js": {"path":"D:\\web_practice\\src\\components\\Contact.js","statementMap":{"0":{"start":{"line":3,"column":16},"end":{"line":19,"column":1}},"1":{"start":{"line":5,"column":27},"end":{"line":5,"column":50}},"2":{"start":{"line":7,"column":4},"end":{"line":18,"column":5}}},"fnMap":{"0":{"name":"(anonymous_0)","decl":{"start":{"line":3,"column":16},"end":{"line":3,"column":17}},"loc":{"start":{"line":3,"column":20},"end":{"line":19,"column":1}},"line":3}},"branchMap":{},"s":{"0":1,"1":3,"2":3},"f":{"0":3},"b":{},"_coverageSchema":"1a1c01bbd47fc00a2c39e90264f33305004495a9","hash":"6aacd9ca779eade5a7a1642b46064c1910d175c3"}
,"D:\\web_practice\\src\\components\\Header.js": {"path":"D:\\web_practice\\src\\components\\Header.js","statementMap":{"0":{"start":{"line":9,"column":15},"end":{"line":43,"column":3}},"1":{"start":{"line":11,"column":31},"end":{"line":11,"column":48}},"2":{"start":{"line":12,"column":23},"end":{"line":12,"column":40}},"3":{"start":{"line":14,"column":25},"end":{"line":14,"column":48}},"4":{"start":{"line":16,"column":20},"end":{"line":16,"column":58}},"5":{"start":{"line":16,"column":41},"end":{"line":16,"column":57}},"6":{"start":{"line":19,"column":4},"end":{"line":42,"column":6}},"7":{"start":{"line":36,"column":10},"end":{"line":36,"column":69}}},"fnMap":{"0":{"name":"(anonymous_0)","decl":{"start":{"line":9,"column":15},"end":{"line":9,"column":16}},"loc":{"start":{"line":9,"column":21},"end":{"line":43,"column":3}},"line":9},"1":{"name":"(anonymous_1)","decl":{"start":{"line":16,"column":32},"end":{"line":16,"column":33}},"loc":{"start":{"line":16,"column":41},"end":{"line":16,"column":57}},"line":16},"2":{"name":"(anonymous_2)","decl":{"start":{"line":35,"column":81},"end":{"line":35,"column":82}},"loc":{"start":{"line":35,"column":85},"end":{"line":37,"column":9}},"line":35}},"branchMap":{"0":{"loc":{"start":{"line":28,"column":47},"end":{"line":28,"column":69}},"type":"cond-expr","locations":[{"start":{"line":28,"column":60},"end":{"line":28,"column":64}},{"start":{"line":28,"column":65},"end":{"line":28,"column":69}}],"line":28},"1":{"loc":{"start":{"line":36,"column":10},"end":{"line":36,"column":68}},"type":"cond-expr","locations":[{"start":{"line":36,"column":28},"end":{"line":36,"column":48}},{"start":{"line":36,"column":49},"end":{"line":36,"column":68}}],"line":36}},"s":{"0":1,"1":3,"2":3,"3":3,"4":3,"5":5,"6":3,"7":1},"f":{"0":3,"1":5,"2":1},"b":{"0":[3,0],"1":[1,0]},"_coverageSchema":"1a1c01bbd47fc00a2c39e90264f33305004495a9","hash":"9b0f6ecf8c61e718c1cd9a5366b1e2a413478454"}
,"D:\\web_practice\\src\\components\\RestaurantCard.js": {"path":"D:\\web_practice\\src\\components\\RestaurantCard.js","statementMap":{"0":{"start":{"line":2,"column":23},"end":{"line":23,"column":1}},"1":{"start":{"line":5,"column":4},"end":{"line":5,"column":23}},"2":{"start":{"line":7,"column":2},"end":{"line":22,"column":4}},"3":{"start":{"line":30,"column":34},"end":{"line":41,"column":3}},"4":{"start":{"line":32,"column":4},"end":{"line":40,"column":5}},"5":{"start":{"line":34,"column":6},"end":{"line":39,"column":7}}},"fnMap":{"0":{"name":"(anonymous_0)","decl":{"start":{"line":2,"column":23},"end":{"line":2,"column":24}},"loc":{"start":{"line":2,"column":34},"end":{"line":23,"column":1}},"line":2},"1":{"name":"(anonymous_1)","decl":{"start":{"line":30,"column":34},"end":{"line":30,"column":35}},"loc":{"start":{"line":30,"column":52},"end":{"line":41,"column":3}},"line":30},"2":{"name":"(anonymous_2)","decl":{"start":{"line":32,"column":11},"end":{"line":32,"column":12}},"loc":{"start":{"line":32,"column":20},"end":{"line":40,"column":5}},"line":32}},"branchMap":{"0":{"loc":{"start":{"line":16,"column":12},"end":{"line":16,"column":80}},"type":"cond-expr","locations":[{"start":{"line":16,"column":30},"end":{"line":16,"column":60}},{"start":{"line":16,"column":61},"end":{"line":16,"column":80}}],"line":16}},"s":{"0":1,"1":1,"2":1,"3":1,"4":2,"5":0},"f":{"0":1,"1":2,"2":0},"b":{"0":[1,0]},"_coverageSchema":"1a1c01bbd47fc00a2c39e90264f33305004495a9","hash":"efd2bb7ad3c4b15a6f5f9820efea5ea0a4a53742"}
,"D:\\web_practice\\src\\components\\Sum.js": {"path":"D:\\web_practice\\src\\components\\Sum.js","statementMap":{"0":{"start":{"line":1,"column":19},"end":{"line":3,"column":1}},"1":{"start":{"line":2,"column":2},"end":{"line":2,"column":15}}},"fnMap":{"0":{"name":"(anonymous_0)","decl":{"start":{"line":1,"column":19},"end":{"line":1,"column":20}},"loc":{"start":{"line":1,"column":29},"end":{"line":3,"column":1}},"line":1}},"branchMap":{},"s":{"0":1,"1":1},"f":{"0":1},"b":{},"_coverageSchema":"1a1c01bbd47fc00a2c39e90264f33305004495a9","hash":"7c7e3a35d0a44b1de59a5eed9ccd25deb6486674"}
,"D:\\web_practice\\src\\utils\\UserContext.js": {"path":"D:\\web_practice\\src\\utils\\UserContext.js","statementMap":{"0":{"start":{"line":3,"column":20},"end":{"line":6,"column":2}}},"fnMap":{},"branchMap":{},"s":{"0":2},"f":{},"b":{},"_coverageSchema":"1a1c01bbd47fc00a2c39e90264f33305004495a9","hash":"3b7d3d57da44cd7c9b05409df9b93bb3f1fb5e7b"}
,"D:\\web_practice\\src\\utils\\appStore.js": {"path":"D:\\web_practice\\src\\utils\\appStore.js","statementMap":{"0":{"start":{"line":4,"column":17},"end":{"line":8,"column":2}}},"fnMap":{},"branchMap":{},"s":{"0":1},"f":{},"b":{},"_coverageSchema":"1a1c01bbd47fc00a2c39e90264f33305004495a9","hash":"dcede7661b9a762aecef9d38c136dbd5a5dffb40"}
,"D:\\web_practice\\src\\utils\\cartSlice.js": {"path":"D:\\web_practice\\src\\utils\\cartSlice.js","statementMap":{"0":{"start":{"line":3,"column":18},"end":{"line":20,"column":2}},"1":{"start":{"line":10,"column":12},"end":{"line":10,"column":45}},"2":{"start":{"line":13,"column":26},"end":{"line":13,"column":91}},"3":{"start":{"line":13,"column":56},"end":{"line":13,"column":90}},"4":{"start":{"line":14,"column":12},"end":{"line":14,"column":40}},"5":{"start":{"line":17,"column":12},"end":{"line":17,"column":33}},"6":{"start":{"line":22,"column":47},"end":{"line":22,"column":64}}},"fnMap":{"0":{"name":"(anonymous_0)","decl":{"start":{"line":9,"column":16},"end":{"line":9,"column":17}},"loc":{"start":{"line":9,"column":32},"end":{"line":11,"column":9}},"line":9},"1":{"name":"(anonymous_1)","decl":{"start":{"line":12,"column":19},"end":{"line":12,"column":20}},"loc":{"start":{"line":12,"column":35},"end":{"line":15,"column":9}},"line":12},"2":{"name":"(anonymous_2)","decl":{"start":{"line":13,"column":48},"end":{"line":13,"column":49}},"loc":{"start":{"line":13,"column":56},"end":{"line":13,"column":90}},"line":13},"3":{"name":"(anonymous_3)","decl":{"start":{"line":16,"column":18},"end":{"line":16,"column":19}},"loc":{"start":{"line":16,"column":34},"end":{"line":18,"column":9}},"line":16}},"branchMap":{},"s":{"0":1,"1":0,"2":0,"3":0,"4":0,"5":0,"6":1},"f":{"0":0,"1":0,"2":0,"3":0},"b":{},"_coverageSchema":"1a1c01bbd47fc00a2c39e90264f33305004495a9","hash":"c788e4f114472476500c28388c0ade3d09a6474e"}
,"D:\\web_practice\\src\\utils\\constants.js": {"path":"D:\\web_practice\\src\\utils\\constants.js","statementMap":{"0":{"start":{"line":1,"column":21},"end":{"line":1,"column":99}},"1":{"start":{"line":3,"column":22},"end":{"line":3,"column":105}},"2":{"start":{"line":5,"column":22},"end":{"line":5,"column":105}}},"fnMap":{},"branchMap":{},"s":{"0":2,"1":2,"2":2},"f":{},"b":{},"_coverageSchema":"1a1c01bbd47fc00a2c39e90264f33305004495a9","hash":"ccfb4ecbab05bd589a233eb8a4bab9dd3964a480"}
,"D:\\web_practice\\src\\utils\\useOnlineStatus.js": {"path":"D:\\web_practice\\src\\utils\\useOnlineStatus.js","statementMap":{"0":{"start":{"line":3,"column":23},"end":{"line":23,"column":1}},"1":{"start":{"line":5,"column":43},"end":{"line":5,"column":57}},"2":{"start":{"line":7,"column":4},"end":{"line":19,"column":9}},"3":{"start":{"line":9,"column":8},"end":{"line":12,"column":10}},"4":{"start":{"line":11,"column":12},"end":{"line":11,"column":35}},"5":{"start":{"line":14,"column":8},"end":{"line":17,"column":10}},"6":{"start":{"line":16,"column":12},"end":{"line":16,"column":34}},"7":{"start":{"line":22,"column":4},"end":{"line":22,"column":24}}},"fnMap":{"0":{"name":"(anonymous_0)","decl":{"start":{"line":3,"column":23},"end":{"line":3,"column":24}},"loc":{"start":{"line":3,"column":27},"end":{"line":23,"column":1}},"line":3},"1":{"name":"(anonymous_1)","decl":{"start":{"line":7,"column":14},"end":{"line":7,"column":15}},"loc":{"start":{"line":7,"column":18},"end":{"line":19,"column":5}},"line":7},"2":{"name":"(anonymous_2)","decl":{"start":{"line":9,"column":42},"end":{"line":9,"column":43}},"loc":{"start":{"line":9,"column":46},"end":{"line":12,"column":9}},"line":9},"3":{"name":"(anonymous_3)","decl":{"start":{"line":14,"column":41},"end":{"line":14,"column":42}},"loc":{"start":{"line":14,"column":45},"end":{"line":17,"column":9}},"line":14}},"branchMap":{},"s":{"0":1,"1":3,"2":3,"3":2,"4":0,"5":2,"6":0,"7":3},"f":{"0":3,"1":2,"2":0,"3":0},"b":{},"_coverageSchema":"1a1c01bbd47fc00a2c39e90264f33305004495a9","hash":"88dfc838325f9b65b57ac11c7d4faca8822a2929"}
}
