TN:
SF:src\components\Body.js
FN:10,(anonymous_0)
FN:35,(anonymous_1)
FN:38,(anonymous_2)
FN:39,(anonymous_3)
FN:49,(anonymous_4)
FN:51,(anonymous_5)
FN:63,(anonymous_6)
FN:70,(anonymous_7)
FNF:8
FNH:7
FNDA:7,(anonymous_0)
FNDA:1,(anonymous_1)
FNDA:1,(anonymous_2)
FNDA:9,(anonymous_3)
FNDA:1,(anonymous_4)
FNDA:9,(anonymous_5)
FNDA:0,(anonymous_6)
FNDA:35,(anonymous_7)
DA:10,1
DA:12,7
DA:16,7
DA:18,7
DA:20,7
DA:23,7
DA:25,7
DA:27,7
DA:35,1
DA:39,1
DA:40,9
DA:42,1
DA:50,1
DA:51,9
DA:53,1
DA:63,0
DA:71,35
LF:17
LH:16
BRDA:25,0,0,0
BRDA:25,0,1,7
BRDA:27,1,0,2
BRDA:27,1,1,5
BRDA:76,2,0,16
BRDA:76,2,1,19
BRF:6
BRH:5
end_of_record
TN:
SF:src\components\RestaurantCard.js
FN:2,(anonymous_0)
FN:30,(anonymous_1)
FN:32,(anonymous_2)
FNF:3
FNH:3
FNDA:36,(anonymous_0)
FNDA:7,(anonymous_1)
FNDA:16,(anonymous_2)
DA:2,2
DA:5,36
DA:7,36
DA:30,2
DA:32,7
DA:34,16
LF:6
LH:6
BRDA:16,0,0,25
BRDA:16,0,1,11
BRF:2
BRH:2
end_of_record
TN:
SF:src\utils\useResList.js
FN:4,(anonymous_0)
FN:9,(anonymous_1)
FN:14,(anonymous_2)
FNF:3
FNH:3
FNDA:7,(anonymous_0)
FNDA:2,(anonymous_1)
FNDA:2,(anonymous_2)
DA:4,1
DA:5,7
DA:6,7
DA:9,7
DA:11,2
DA:14,7
DA:15,2
DA:17,2
DA:21,2
DA:26,2
DA:33,7
LF:11
LH:11
BRF:0
BRH:0
end_of_record
